<?xml version="1.0" encoding="UTF-8"?>
<testsuite xmlns:xsi="http://www.w3.org/2001/XMLSchema-instance" xsi:noNamespaceSchemaLocation="https://maven.apache.org/surefire/maven-surefire-plugin/xsd/surefire-test-report.xsd" name="tasks.model.TaskTest" time="0.146" tests="8" errors="0" skipped="0" failures="0">
  <properties>
[...]
</properties>
  <testcase name="testTaskCreation" classname="tasks.model.TaskTest" time="0.11"/>
  <testcase name="testNextTimeAfterF02TC07" classname="tasks.model.TaskTest$NextTimeAfterWBT" time="0"/>
  <testcase name="testNextTimeAfterF01_TC02" classname="tasks.model.TaskTest$NextTimeAfterWBT" time="0"/>
  <testcase name="testNextTimeAfterF01_TC03" classname="tasks.model.TaskTest$NextTimeAfterWBT" time="0"/>
  <testcase name="testNextTimeAfterF01_TC04" classname="tasks.model.TaskTest$NextTimeAfterWBT" time="0"/>
  <testcase name="testNextTimeAfterF01_TC05" classname="tasks.model.TaskTest$NextTimeAfterWBT" time="0.016"/>
  <testcase name="testNextTimeAfterF02_TC01" classname="tasks.model.TaskTest$NextTimeAfterWBT" time="0.001"/>
  <testcase name="testNextTimeAfterF02_TC06" classname="tasks.model.TaskTest$NextTimeAfterWBT" time="0.001"/>
</testsuite>