<?xml version="1.0" encoding="UTF-8"?>
<testsuite xmlns:xsi="http://www.w3.org/2001/XMLSchema-instance" xsi:noNamespaceSchemaLocation="https://maven.apache.org/surefire/maven-surefire-plugin/xsd/surefire-test-report.xsd" name="tasks.services.DateServiceTest" time="0.062" tests="10" errors="0" skipped="0" failures="0">
  <properties>
[...]
</properties>
  <testcase name="getDateMergedWithTime_BVA01[1]" classname="tasks.services.DateServiceTest" time="0.004"/>
  <testcase name="getDateMergedWithTime_BVA01[2]" classname="tasks.services.DateServiceTest" time="0.001"/>
  <testcase name="getDateMergedWithTime_BVA01[3]" classname="tasks.services.DateServiceTest" time="0"/>
  <testcase name="getDateMergedWithTime_BVA02" classname="tasks.services.DateServiceTest" time="0.007"/>
  <testcase name="getDateMergedWithTime_BVA03{String}[1]" classname="tasks.services.DateServiceTest" time="0.02"/>
  <testcase name="getDateMergedWithTime_BVA04" classname="tasks.services.DateServiceTest" time="0.001"/>
  <testcase name="testInvalidTimeFormat" classname="tasks.services.DateServiceTest" time="0.001"/>
  <testcase name="testValidTimeFutureDate" classname="tasks.services.DateServiceTest" time="0.001"/>
  <testcase name="testTimeUnitExceedingBounds" classname="tasks.services.DateServiceTest" time="0.001"/>
  <testcase name="testPastDate" classname="tasks.services.DateServiceTest" time="0.002"/>
</testsuite>