<?xml version="1.0" encoding="UTF-8"?>
<testsuite xmlns:xsi="http://www.w3.org/2001/XMLSchema-instance" xsi:noNamespaceSchemaLocation="https://maven.apache.org/surefire/maven-surefire-plugin/xsd/surefire-test-report.xsd" name="tasks.lab04.integration.TaskServiceArrayTaskTest" time="0.288" tests="2" errors="0" skipped="0" failures="0">
  <properties>
[...]
</properties>
  <testcase name="whenFilterTasksOnlyActiveTasksWithinTimeFrameAreFiltered" classname="tasks.lab04.integration.TaskServiceArrayTaskTest" time="0.283"/>
  <testcase name="whenFilterTasksCalled_thenCorrectTasksFiltered" classname="tasks.lab04.integration.TaskServiceArrayTaskTest" time="0.005"/>
</testsuite>